2025-03-05 16:44:32 : info: Successfully started server on port ${ServerConfig.PORT}
2025-03-05 16:45:49 : info: Successfully started server on port ${ServerConfig.PORT}
2025-03-05 16:46:52 : info: Successfully started server on port 3700
2025-03-05 19:09:15 : info: Successfully started server on port 3700
2025-03-05 19:09:28 : info: Successfully started server on port 3700
2025-03-06 01:51:34 : info: Successfully started server on port 3700
2025-03-06 01:52:07 : info: Successfully started server on port 3700
2025-03-06 01:52:18 : info: Successfully started server on port 3700
2025-03-06 01:52:24 : info: Successfully started server on port 3700
2025-03-06 01:52:30 : info: Successfully started server on port 3700
2025-03-06 01:52:40 : info: Successfully started server on port 3700
2025-03-06 01:52:42 : info: Successfully started server on port 3700
2025-03-06 01:52:44 : info: Successfully started server on port 3700
2025-03-06 01:52:52 : info: Successfully started server on port 3700
2025-03-06 01:52:54 : info: Successfully started server on port 3700
2025-03-06 01:52:56 : info: Successfully started server on port 3700
2025-03-06 01:52:58 : info: Successfully started server on port 3700
2025-03-06 01:53:00 : info: Successfully started server on port 3700
2025-03-06 01:53:04 : info: Successfully started server on port 3700
2025-03-06 01:53:05 : info: Successfully started server on port 3700
2025-03-06 01:53:09 : info: Successfully started server on port 3700
2025-03-06 01:53:56 : info: Successfully started server on port 3700
2025-03-06 01:53:57 : info: Successfully started server on port 3700
2025-03-06 01:54:04 : info: Successfully started server on port 3700
2025-03-06 01:54:06 : info: Successfully started server on port 3700
2025-03-06 01:54:13 : info: Successfully started server on port 3700
2025-03-06 01:54:17 : info: Successfully started server on port 3700
2025-03-06 01:54:40 : info: Successfully started server on port 3700
2025-03-06 01:54:42 : info: Successfully started server on port 3700
2025-03-06 01:54:45 : info: Successfully started server on port 3700
2025-03-06 01:54:46 : info: Successfully started server on port 3700
2025-03-06 01:54:50 : info: Successfully started server on port 3700
2025-03-06 01:54:52 : info: Successfully started server on port 3700
2025-03-06 01:55:11 : info: Successfully started server on port 3700
2025-03-06 01:55:14 : info: Successfully started server on port 3700
2025-03-06 01:55:15 : info: Successfully started server on port 3700
2025-03-06 01:55:20 : info: Successfully started server on port 3700
2025-03-06 01:55:22 : info: Successfully started server on port 3700
2025-03-06 01:55:26 : info: Successfully started server on port 3700
2025-03-06 01:55:27 : info: Successfully started server on port 3700
2025-03-06 01:55:29 : info: Successfully started server on port 3700
2025-03-06 01:55:45 : info: Successfully started server on port 3700
2025-03-06 01:55:58 : info: Successfully started server on port 3700
2025-03-06 01:56:06 : info: Successfully started server on port 3700
2025-03-06 01:56:10 : info: Successfully started server on port 3700
2025-03-06 01:56:12 : info: Successfully started server on port 3700
2025-03-06 01:56:17 : info: Successfully started server on port 3700
2025-03-06 01:56:20 : info: Successfully started server on port 3700
2025-03-06 01:56:47 : info: Successfully started server on port 3700
2025-03-06 01:56:54 : info: Successfully started server on port 3700
2025-03-06 01:57:02 : info: Successfully started server on port 3700
2025-03-06 01:57:06 : info: Successfully started server on port 3700
2025-03-06 01:57:11 : info: Successfully started server on port 3700
2025-03-06 01:57:13 : info: Successfully started server on port 3700
2025-03-06 01:57:55 : info: Successfully started server on port 3700
2025-03-06 01:58:00 : info: Successfully started server on port 3700
2025-03-06 01:58:07 : info: Successfully started server on port 3700
2025-03-06 01:58:18 : info: Successfully started server on port 3700
2025-03-06 01:58:19 : info: Successfully started server on port 3700
2025-03-06 01:58:23 : info: Successfully started server on port 3700
2025-03-06 01:58:24 : info: Successfully started server on port 3700
2025-03-06 02:01:06 : info: Successfully started server on port 3700
2025-03-06 02:01:07 : info: Successfully started server on port 3700
2025-03-06 02:01:11 : info: Successfully started server on port 3700
2025-03-06 02:01:16 : info: Successfully started server on port 3700
2025-03-06 02:01:20 : info: Successfully started server on port 3700
2025-03-06 02:01:33 : info: Successfully started server on port 3700
2025-03-06 02:01:35 : info: Successfully started server on port 3700
2025-03-06 02:01:37 : info: Successfully started server on port 3700
2025-03-06 02:01:39 : info: Successfully started server on port 3700
2025-03-06 02:02:00 : info: Successfully started server on port 3700
2025-03-06 02:02:06 : info: Successfully started server on port 3700
2025-03-06 02:02:21 : info: Successfully started server on port 3700
2025-03-06 02:02:24 : info: Successfully started server on port 3700
2025-03-06 02:02:39 : info: Successfully started server on port 3700
2025-03-06 02:02:45 : info: Successfully started server on port 3700
2025-03-06 02:02:53 : info: Successfully started server on port 3700
2025-03-06 02:04:34 : info: Successfully started server on port 3700
2025-03-06 02:04:35 : info: Successfully started server on port 3700
2025-03-06 02:04:38 : info: Successfully started server on port 3700
2025-03-06 02:04:39 : info: Successfully started server on port 3700
2025-03-06 02:05:09 : info: Successfully started server on port 3700
2025-03-06 02:05:18 : info: Successfully started server on port 3700
2025-03-06 02:05:20 : info: Successfully started server on port 3700
2025-03-06 02:05:22 : info: Successfully started server on port 3700
2025-03-06 02:05:24 : info: Successfully started server on port 3700
2025-03-06 02:05:30 : info: Successfully started server on port 3700
2025-03-06 02:05:33 : info: Successfully started server on port 3700
2025-03-06 02:05:36 : info: Successfully started server on port 3700
2025-03-06 02:05:39 : info: Successfully started server on port 3700
2025-03-06 02:05:43 : info: Successfully started server on port 3700
2025-03-06 02:05:45 : info: Successfully started server on port 3700
2025-03-06 02:05:46 : info: Successfully started server on port 3700
2025-03-06 02:06:30 : info: Successfully started server on port 3700
2025-03-06 02:06:37 : info: Successfully started server on port 3700
2025-03-06 02:06:41 : info: Successfully started server on port 3700
2025-03-06 02:06:43 : info: Successfully started server on port 3700
2025-03-06 02:06:48 : info: Successfully started server on port 3700
2025-03-06 02:06:49 : info: Successfully started server on port 3700
2025-03-06 02:06:59 : info: Successfully started server on port 3700
2025-03-06 02:07:09 : info: Successfully started server on port 3700
2025-03-06 02:07:17 : info: Successfully started server on port 3700
2025-03-06 02:07:20 : info: Successfully started server on port 3700
2025-03-06 02:07:34 : info: Successfully started server on port 3700
2025-03-06 02:07:40 : info: Successfully started server on port 3700
2025-03-06 02:07:45 : info: Successfully started server on port 3700
2025-03-06 02:07:47 : info: Successfully started server on port 3700
2025-03-06 02:07:51 : info: Successfully started server on port 3700
2025-03-06 02:07:58 : info: Successfully started server on port 3700
2025-03-06 02:08:01 : info: Successfully started server on port 3700
2025-03-06 02:08:08 : info: Successfully started server on port 3700
2025-03-06 02:08:10 : info: Successfully started server on port 3700
2025-03-06 02:08:19 : info: Successfully started server on port 3700
2025-03-06 02:08:30 : info: Successfully started server on port 3700
2025-03-06 02:08:32 : info: Successfully started server on port 3700
2025-03-06 02:08:38 : info: Successfully started server on port 3700
2025-03-06 02:09:06 : info: Successfully started server on port 3700
2025-03-06 02:09:11 : info: Successfully started server on port 3700
2025-03-06 02:09:39 : info: Successfully started server on port 3700
2025-03-06 02:09:40 : info: Successfully started server on port 3700
2025-03-06 02:09:43 : info: Successfully started server on port 3700
2025-03-06 02:09:45 : info: Successfully started server on port 3700
2025-03-06 02:09:47 : info: Successfully started server on port 3700
2025-03-06 02:09:50 : info: Successfully started server on port 3700
2025-03-06 02:09:52 : info: Successfully started server on port 3700
2025-03-06 02:10:00 : info: Successfully started server on port 3700
2025-03-06 02:10:03 : info: Successfully started server on port 3700
2025-03-06 02:10:08 : info: Successfully started server on port 3700
2025-03-06 02:10:28 : info: Successfully started server on port 3700
2025-03-06 02:10:34 : info: Successfully started server on port 3700
2025-03-06 02:10:36 : info: Successfully started server on port 3700
2025-03-06 02:10:42 : info: Successfully started server on port 3700
2025-03-06 02:10:43 : info: Successfully started server on port 3700
2025-03-06 02:10:47 : info: Successfully started server on port 3700
2025-03-06 02:11:06 : info: Successfully started server on port 3700
2025-03-06 02:11:10 : info: Successfully started server on port 3700
2025-03-06 02:11:12 : info: Successfully started server on port 3700
2025-03-06 02:11:16 : info: Successfully started server on port 3700
2025-03-06 02:12:03 : info: Successfully started server on port 3700
2025-03-06 02:12:05 : info: Successfully started server on port 3700
2025-03-06 02:12:26 : info: Successfully started server on port 3700
2025-03-06 02:12:30 : info: Successfully started server on port 3700
2025-03-06 02:12:31 : info: Successfully started server on port 3700
2025-03-06 02:12:50 : info: Successfully started server on port 3700
2025-03-06 02:12:56 : info: Successfully started server on port 3700
2025-03-06 02:13:20 : info: Successfully started server on port 3700
2025-03-06 02:13:26 : info: Successfully started server on port 3700
2025-03-06 02:13:28 : info: Successfully started server on port 3700
2025-03-06 02:13:32 : info: Successfully started server on port 3700
2025-03-06 02:13:36 : info: Successfully started server on port 3700
2025-03-06 02:13:37 : info: Successfully started server on port 3700
2025-03-06 02:13:46 : info: Successfully started server on port 3700
2025-03-06 02:13:49 : info: Successfully started server on port 3700
2025-03-06 02:13:57 : info: Successfully started server on port 3700
2025-03-06 02:14:14 : info: Successfully started server on port 3700
2025-03-06 02:14:17 : info: Successfully started server on port 3700
2025-03-06 02:14:18 : info: Successfully started server on port 3700
2025-03-06 02:14:20 : info: Successfully started server on port 3700
2025-03-06 02:14:22 : info: Successfully started server on port 3700
2025-03-06 02:14:26 : info: Successfully started server on port 3700
2025-03-06 02:14:27 : info: Successfully started server on port 3700
2025-03-06 02:14:29 : info: Successfully started server on port 3700
2025-03-06 02:14:31 : info: Successfully started server on port 3700
2025-03-06 02:14:35 : info: Successfully started server on port 3700
2025-03-06 02:14:36 : info: Successfully started server on port 3700
2025-03-06 02:14:37 : info: Successfully started server on port 3700
2025-03-06 02:14:54 : info: Successfully started server on port 3700
2025-03-06 02:16:16 : info: Successfully started server on port 3700
2025-03-06 02:16:21 : info: Successfully started server on port 3700
2025-03-06 02:16:23 : info: Successfully started server on port 3700
2025-03-06 02:16:44 : info: Successfully started server on port 3700
2025-03-06 02:16:45 : info: Successfully started server on port 3700
2025-03-06 02:17:03 : info: Successfully started server on port 3700
2025-03-06 02:17:05 : info: Successfully started server on port 3700
2025-03-06 02:17:06 : info: Successfully started server on port 3700
2025-03-06 02:17:09 : info: Successfully started server on port 3700
2025-03-06 02:17:15 : info: Successfully started server on port 3700
2025-03-06 02:17:18 : info: Successfully started server on port 3700
2025-03-06 02:17:19 : info: Successfully started server on port 3700
2025-03-06 02:17:31 : info: Successfully started server on port 3700
2025-03-06 02:17:36 : info: Successfully started server on port 3700
2025-03-06 02:17:37 : info: Successfully started server on port 3700
2025-03-06 02:17:45 : info: Successfully started server on port 3700
2025-03-06 02:17:50 : info: Successfully started server on port 3700
2025-03-06 02:17:56 : info: Successfully started server on port 3700
2025-03-06 02:17:58 : info: Successfully started server on port 3700
2025-03-06 02:18:07 : info: Successfully started server on port 3700
2025-03-06 02:18:24 : info: Successfully started server on port 3700
2025-03-06 02:18:31 : info: Successfully started server on port 3700
2025-03-06 02:18:38 : info: Successfully started server on port 3700
2025-03-06 02:19:12 : info: Successfully started server on port 3700
2025-03-06 02:19:14 : info: Successfully started server on port 3700
2025-03-06 02:19:16 : info: Successfully started server on port 3700
2025-03-06 02:19:21 : info: Successfully started server on port 3700
2025-03-06 02:19:24 : info: Successfully started server on port 3700
2025-03-06 02:19:37 : info: Successfully started server on port 3700
2025-03-06 02:19:41 : info: Successfully started server on port 3700
2025-03-06 02:19:44 : info: Successfully started server on port 3700
2025-03-06 02:19:45 : info: Successfully started server on port 3700
2025-03-06 02:19:58 : info: Successfully started server on port 3700
2025-03-06 02:20:01 : info: Successfully started server on port 3700
2025-03-06 02:20:02 : info: Successfully started server on port 3700
2025-03-06 02:20:05 : info: Successfully started server on port 3700
2025-03-06 02:20:08 : info: Successfully started server on port 3700
2025-03-06 02:20:11 : info: Successfully started server on port 3700
2025-03-06 02:20:15 : info: Successfully started server on port 3700
2025-03-06 02:20:19 : info: Successfully started server on port 3700
2025-03-06 02:20:20 : info: Successfully started server on port 3700
2025-03-06 02:55:51 : info: Successfully started server on port 3700
2025-03-06 02:57:33 : info: Successfully started server on port 3700
2025-03-06 02:57:40 : info: Successfully started server on port 3700
2025-03-06 03:00:38 : info: Successfully started server on port 3700
2025-03-06 03:01:31 : info: Successfully started server on port 3700
2025-03-06 03:03:28 : info: Successfully started server on port 3700
2025-03-06 03:06:44 : info: Successfully started server on port 3700
2025-03-06 03:07:13 : info: Successfully started server on port 3700
2025-03-09 07:50:54 : info: Successfully started server on port 3700
2025-03-09 07:51:02 : info: Successfully started server on port 3700
2025-03-09 07:51:47 : info: Successfully started server on port 3700
2025-03-09 07:51:48 : info: Successfully started server on port 3700
2025-03-09 07:51:53 : info: Successfully started server on port 3700
2025-03-09 07:51:56 : info: Successfully started server on port 3700
2025-03-09 07:51:59 : info: Successfully started server on port 3700
2025-03-09 07:52:20 : info: Successfully started server on port 3700
2025-03-09 07:52:21 : info: Successfully started server on port 3700
2025-03-09 07:54:50 : info: Successfully started server on port 3700
2025-03-09 07:54:53 : info: Successfully started server on port 3700
2025-03-09 07:57:33 : info: Successfully started server on port 3700
2025-03-09 07:58:12 : info: Successfully started server on port 3700
2025-03-09 07:59:48 : info: Successfully started server on port 3700
2025-03-09 15:26:37 : info: Successfully started server on port 3700
2025-03-11 07:06:48 : info: Successfully started server on port 3000
2025-03-11 07:09:12 : info: Successfully started server on port 3000
2025-03-11 07:09:38 : info: Successfully started server on port 3100
2025-03-11 07:10:15 : info: Successfully started server on port 3100
2025-03-11 07:11:07 : error: this.model.create is not a function
2025-03-11 08:06:11 : info: Successfully started server on port 3100
2025-03-11 08:06:38 : error: this.model.create is not a function
2025-03-11 08:08:49 : info: Successfully started server on port 3100
2025-03-11 08:08:54 : error: this.model.create is not a function
2025-03-11 08:12:04 : info: Successfully started server on port 3100
2025-03-11 08:14:10 : info: Successfully started server on port 3100
2025-03-11 08:14:15 : error: Cannot read properties of undefined (reading 'create')
2025-03-11 08:15:28 : info: Successfully started server on port 3100
2025-03-11 08:15:33 : error: Cannot read properties of undefined (reading 'create')
2025-03-11 08:15:47 : info: Successfully started server on port 3100
2025-03-11 08:16:24 : info: Successfully started server on port 3100
2025-03-11 08:18:08 : info: Successfully started server on port 3100
2025-03-11 08:18:13 : error: Cannot read properties of undefined (reading 'create')
2025-03-11 08:18:29 : info: Successfully started server on port 3100
2025-03-23 14:40:15 : info: Successfully started server on port 3100
2025-04-09 19:30:34 : info: Successfully started server on port 3100
2025-04-16 01:47:28 : info: Successfully started server on port 3100
2025-04-16 01:47:50 : info: Successfully started server on port 3100
2025-04-17 01:10:09 : info: Successfully started server on port 3100
2025-04-17 01:10:30 : error: Cannot read properties of undefined (reading 'create')
2025-04-17 01:14:52 : info: Successfully started server on port 3100
2025-04-17 01:14:55 : error: Cannot read properties of undefined (reading 'create')
2025-04-17 01:16:51 : info: Successfully started server on port 3100
2025-04-17 01:17:12 : info: Successfully started server on port 3100
2025-04-17 01:17:33 : info: Successfully started server on port 3100
2025-04-17 01:17:37 : error: Field 'createdAt' doesn't have a default value
2025-04-17 01:18:58 : info: Successfully started server on port 3100
2025-04-17 02:33:53 : info: Successfully started server on port 3100
2025-04-17 02:34:09 : info: Successfully started server on port 3100
2025-04-17 02:34:15 : info: Successfully started server on port 3100
2025-04-17 02:34:24 : info: Successfully started server on port 3100
2025-04-17 02:34:28 : info: Successfully started server on port 3100
2025-04-17 02:34:48 : info: Successfully started server on port 3100
2025-04-17 02:34:53 : info: Successfully started server on port 3100
2025-04-17 02:34:56 : info: Successfully started server on port 3100
2025-04-17 02:35:00 : info: Successfully started server on port 3100
2025-04-17 02:35:02 : info: Successfully started server on port 3100
2025-04-17 02:35:04 : info: Successfully started server on port 3100
2025-04-17 02:35:16 : info: Successfully started server on port 3100
2025-04-17 02:35:23 : info: Successfully started server on port 3100
2025-04-17 02:35:46 : info: Successfully started server on port 3100
2025-04-17 02:36:04 : info: Successfully started server on port 3100
2025-04-17 02:36:08 : info: Successfully started server on port 3100
2025-04-17 02:36:39 : info: Successfully started server on port 3100
2025-04-17 02:36:45 : info: Successfully started server on port 3100
2025-04-18 00:58:10 : info: Successfully started server on port 3100
2025-04-18 00:59:39 : info: Successfully started server on port 3100
2025-04-18 01:00:02 : info: Successfully started server on port 3100
2025-04-18 01:00:19 : info: Successfully started server on port 3100
2025-04-18 01:00:24 : info: Successfully started server on port 3100
2025-04-18 01:00:27 : info: Successfully started server on port 3100
2025-04-18 01:00:31 : info: Successfully started server on port 3100
2025-04-18 01:00:34 : info: Successfully started server on port 3100
2025-04-18 01:00:37 : info: Successfully started server on port 3100
2025-04-18 01:00:40 : info: Successfully started server on port 3100
2025-04-18 01:00:45 : info: Successfully started server on port 3100
2025-04-18 01:00:53 : info: Successfully started server on port 3100
2025-04-18 01:01:03 : info: Successfully started server on port 3100
2025-04-18 01:01:12 : info: Successfully started server on port 3100
2025-04-18 01:01:15 : info: Successfully started server on port 3100
2025-04-18 01:01:28 : info: Successfully started server on port 3100
2025-04-18 01:01:47 : info: Successfully started server on port 3100
2025-04-18 01:01:53 : info: Successfully started server on port 3100
2025-04-18 01:02:00 : info: Successfully started server on port 3100
2025-04-18 01:02:12 : info: Successfully started server on port 3100
2025-04-18 01:02:26 : info: Successfully started server on port 3100
2025-04-18 01:02:27 : info: Successfully started server on port 3100
2025-04-18 01:02:30 : info: Successfully started server on port 3100
2025-04-18 01:02:32 : info: Successfully started server on port 3100
2025-04-18 01:02:50 : info: Successfully started server on port 3100
2025-04-18 01:02:53 : info: Successfully started server on port 3100
2025-04-18 01:02:58 : info: Successfully started server on port 3100
2025-04-18 01:03:09 : info: Successfully started server on port 3100
2025-04-18 01:03:21 : info: Successfully started server on port 3100
2025-04-18 01:03:23 : info: Successfully started server on port 3100
2025-04-18 01:03:26 : info: Successfully started server on port 3100
2025-04-18 01:03:31 : info: Successfully started server on port 3100
2025-04-18 01:03:32 : info: Successfully started server on port 3100
2025-04-18 01:03:45 : info: Successfully started server on port 3100
2025-04-18 01:03:52 : info: Successfully started server on port 3100
2025-04-18 01:06:18 : info: Successfully started server on port 3100
2025-04-18 01:08:40 : info: Successfully started server on port 3100
2025-04-18 01:12:11 : info: Successfully started server on port 3100
2025-04-18 01:12:39 : info: Successfully started server on port 3100
2025-04-18 01:12:43 : info: Successfully started server on port 3100
2025-04-18 01:13:01 : info: Successfully started server on port 3100
2025-04-18 01:13:04 : info: Successfully started server on port 3100
2025-04-18 01:15:31 : info: Successfully started server on port 3100
2025-04-19 01:03:27 : info: Successfully started server on port 3100
2025-04-19 01:03:30 : info: Successfully started server on port 3100
2025-04-19 01:05:34 : info: Successfully started server on port 3100
